<?xml version="1.0" encoding="UTF-8"?>
<!-- Generated by org.testng.reporters.JUnitReportReporter -->
<testsuite hostname="DESKTOP-Q28BER4" failures="0" tests="1" name="practice.testng.TestNgReports" time="0.012" errors="0" timestamp="2023-09-21T11:01:30 IST" skipped="0">
  <testcase classname="practice.testng.TestNgReports" name="homePageTest" time="0.012">
    <system-out>
      <![CDATA[homePageTest test start
Step 1
Step 2
Step 3
Step 4
Step 5
Step 6
homePageTest test end]]>
    </system-out>
  </testcase> <!-- homePageTest -->
  <system-out>
    <![CDATA[homePageTest test start
Step 1
Step 2
Step 3
Step 4
Step 5
Step 6
homePageTest test end]]>
  </system-out>
</testsuite> <!-- practice.testng.TestNgReports -->
