<?xml version="1.0" encoding="UTF-8"?>
<!-- Generated by org.testng.reporters.JUnitReportReporter -->
<testsuite hostname="DESKTOP-Q28BER4" failures="0" tests="3" name="practice.testng.CreateContactTest_UsingDataProvider" time="0.008" errors="0" timestamp="2023-09-12T14:56:16 IST" skipped="0">
  <testcase classname="practice.testng.CreateContactTest_UsingDataProvider" name="createContactTest_UsingDataProvider" time="0.001"/>
  <testcase classname="practice.testng.CreateContactTest_UsingDataProvider" name="createContactTest_UsingDataProvider" time="0.001"/>
  <testcase classname="practice.testng.CreateContactTest_UsingDataProvider" name="createContactTest_UsingDataProvider" time="0.006"/>
</testsuite> <!-- practice.testng.CreateContactTest_UsingDataProvider -->
