<?xml version="1.0" encoding="UTF-8"?>
<!-- Generated by org.testng.reporters.JUnitReportReporter -->
<testsuite hostname="DESKTOP-Q28BER4" failures="0" tests="1" name="practice.testng.SampleTest" time="0.008" errors="0" timestamp="2023-09-12T13:08:07 IST" skipped="0">
  <testcase classname="practice.testng.SampleTest" name="test1" time="0.008"/>
</testsuite> <!-- practice.testng.SampleTest -->
