<?xml version="1.0" encoding="UTF-8"?>
<!-- Generated by org.testng.reporters.JUnitReportReporter -->
<testsuite hostname="DESKTOP-Q28BER4" failures="0" tests="1" name="practiceDataDrivenTesting.ReadDataFromTestngXmlTest" time="0.008" errors="0" timestamp="2023-09-08T11:37:39 IST" skipped="0">
  <testcase classname="practiceDataDrivenTesting.ReadDataFromTestngXmlTest" name="sampleTest" time="0.008"/>
</testsuite> <!-- practiceDataDrivenTesting.ReadDataFromTestngXmlTest -->
