<?xml version="1.0" encoding="UTF-8"?>
<!-- Generated by org.testng.reporters.JUnitReportReporter -->
<testsuite hostname="DESKTOP-Q28BER4" failures="0" tests="1" name="Reporting.SampleReportTest" time="6.979" errors="0" timestamp="2023-09-22T10:55:22 IST" skipped="0">
  <testcase classname="Reporting.SampleReportTest" name="reportingTest" time="6.979"/>
</testsuite> <!-- Reporting.SampleReportTest -->
