<?xml version="1.0" encoding="UTF-8"?>
<!-- Generated by org.testng.reporters.JUnitReportReporter -->
<testsuite hostname="DESKTOP-Q28BER4" failures="0" tests="1" name="practice.testng.ScreenshotTest" time="10.790" errors="0" timestamp="2023-09-21T11:41:49 IST" skipped="0">
  <testcase classname="practice.testng.ScreenshotTest" name="amazonTest" time="10.790"/>
</testsuite> <!-- practice.testng.ScreenshotTest -->
