<?xml version="1.0" encoding="UTF-8"?>
<!-- Generated by org.testng.reporters.JUnitReportReporter -->
<testsuite hostname="DESKTOP-Q28BER4" failures="0" tests="3" name="practice.testng.CreateContactTest" time="0.010" errors="0" timestamp="2023-09-12T14:09:57 IST" skipped="0">
  <testcase classname="practice.testng.CreateContactTest" name="createContact" time="0.008"/>
  <testcase classname="practice.testng.CreateContactTest" name="modifyContact" time="0.001"/>
  <testcase classname="practice.testng.CreateContactTest" name="deleteContact" time="0.001"/>
</testsuite> <!-- practice.testng.CreateContactTest -->
